<?xml version="1.0" encoding="UTF-8"?>
<!-- Generated by org.testng.reporters.JUnitXMLReporter -->
<testsuite ignored="0" hostname="Slavi_ASUS" failures="1" tests="1" name="Automation_Testing_Final_Exam" time="28.843" errors="0" timestamp="2023-10-28T19:50:47 EEST">
  <testcase classname="tests.RegistrationTests" name="positiveRegistrationTest" time="26.113">
    <failure type="java.lang.AssertionError" message="Popup message is incorrect. Actual message is: Email taken expected [Successful register!] but found [Email taken]">
      <![CDATA[java.lang.AssertionError: Popup message is incorrect. Actual message is: Email taken expected [Successful register!] but found [Email taken]
at tests.RegistrationTests.positiveRegistrationTest(RegistrationTests.java:65)
at java.base/java.util.ArrayList.forEach(ArrayList.java:1511)
at com.intellij.rt.testng.IDEARemoteTestNG.run(IDEARemoteTestNG.java:66)
at com.intellij.rt.testng.RemoteTestNGStarter.main(RemoteTestNGStarter.java:105)
... Removed 29 stack frames]]>
    </failure>
  </testcase> <!-- positiveRegistrationTest -->
</testsuite> <!-- Automation_Testing_Final_Exam -->
